Traceback (most recent call last):
  File "c:\users\ella metcalfe\anaconda3\envs\py37\lib\site-packages\jupyter_cache\executors\utils.py", line 56, in single_nb_execution
    record_timing=False,
  File "c:\users\ella metcalfe\anaconda3\envs\py37\lib\site-packages\nbclient\client.py", line 1112, in execute
    return NotebookClient(nb=nb, resources=resources, km=km, **kwargs).execute()
  File "c:\users\ella metcalfe\anaconda3\envs\py37\lib\site-packages\nbclient\util.py", line 74, in wrapped
    return just_run(coro(*args, **kwargs))
  File "c:\users\ella metcalfe\anaconda3\envs\py37\lib\site-packages\nbclient\util.py", line 53, in just_run
    return loop.run_until_complete(coro)
  File "c:\users\ella metcalfe\anaconda3\envs\py37\lib\asyncio\base_events.py", line 587, in run_until_complete
    return future.result()
  File "c:\users\ella metcalfe\anaconda3\envs\py37\lib\site-packages\nbclient\client.py", line 554, in async_execute
    cell, index, execution_count=self.code_cells_executed + 1
  File "c:\users\ella metcalfe\anaconda3\envs\py37\lib\site-packages\nbclient\client.py", line 857, in async_execute_cell
    self._check_raise_for_error(cell, exec_reply)
  File "c:\users\ella metcalfe\anaconda3\envs\py37\lib\site-packages\nbclient\client.py", line 760, in _check_raise_for_error
    raise CellExecutionError.from_cell_and_msg(cell, exec_reply_content)
nbclient.exceptions.CellExecutionError: An error occurred while executing the following cell:
------------------
x = np.linspace(-2, 2, 10)
y = np.linspace(-2, 2, 10)
X, Y = np.meshgrid(x, y)
U=V=np.ones_like(X)
start=[[-1.5,-1.5],[-1,-1],[-0.5,-0.5],[0,0],[0.5,0.5],[1,1],[1.5,1.5]]

import matplotlib.gridspec as gridspec
fig = plt.figure(constrained_layout=True,figsize=(10,4))
spec = gridspec.GridSpec(ncols=5, nrows=2, figure=fig)

def slope(t):
    return -2*t*np.exp(-t**2)

tvals=np.linspace(0,3.35,100)

n=5    #number of subplots

for s in range(n):
    ax=fig.add_subplot(spec[1,s])
    ax.xaxis.set_ticks([]), ax.yaxis.set_ticks([])
    t=3*s/(n-1)
    #ax.set_title('t='+str(t))
    ax.streamplot(X,Y,U,slope(t)*V,start_points=start,density=10)

ax = fig.add_subplot(spec[0, :])
ax.plot(tvals,slope(tvals))
ax.axis([-0.35,3.35,-0.9,0.1])
ax.xaxis.set_ticks([0,0.75,1.5,2.25,3])
ax.set_title('$-2t e^{-t^2}$')

plt.show()
------------------

[1;31m---------------------------------------------------------------------------[0m
[1;31mNameError[0m                                 Traceback (most recent call last)
[1;32m<ipython-input-1-feea34810c97>[0m in [0;36m<module>[1;34m[0m
[1;32m----> 1[1;33m [0mx[0m [1;33m=[0m [0mnp[0m[1;33m.[0m[0mlinspace[0m[1;33m([0m[1;33m-[0m[1;36m2[0m[1;33m,[0m [1;36m2[0m[1;33m,[0m [1;36m10[0m[1;33m)[0m[1;33m[0m[1;33m[0m[0m
[0m[0;32m      2[0m [0my[0m [1;33m=[0m [0mnp[0m[1;33m.[0m[0mlinspace[0m[1;33m([0m[1;33m-[0m[1;36m2[0m[1;33m,[0m [1;36m2[0m[1;33m,[0m [1;36m10[0m[1;33m)[0m[1;33m[0m[1;33m[0m[0m
[0;32m      3[0m [0mX[0m[1;33m,[0m [0mY[0m [1;33m=[0m [0mnp[0m[1;33m.[0m[0mmeshgrid[0m[1;33m([0m[0mx[0m[1;33m,[0m [0my[0m[1;33m)[0m[1;33m[0m[1;33m[0m[0m
[0;32m      4[0m [0mU[0m[1;33m=[0m[0mV[0m[1;33m=[0m[0mnp[0m[1;33m.[0m[0mones_like[0m[1;33m([0m[0mX[0m[1;33m)[0m[1;33m[0m[1;33m[0m[0m
[0;32m      5[0m [0mstart[0m[1;33m=[0m[1;33m[[0m[1;33m[[0m[1;33m-[0m[1;36m1.5[0m[1;33m,[0m[1;33m-[0m[1;36m1.5[0m[1;33m][0m[1;33m,[0m[1;33m[[0m[1;33m-[0m[1;36m1[0m[1;33m,[0m[1;33m-[0m[1;36m1[0m[1;33m][0m[1;33m,[0m[1;33m[[0m[1;33m-[0m[1;36m0.5[0m[1;33m,[0m[1;33m-[0m[1;36m0.5[0m[1;33m][0m[1;33m,[0m[1;33m[[0m[1;36m0[0m[1;33m,[0m[1;36m0[0m[1;33m][0m[1;33m,[0m[1;33m[[0m[1;36m0.5[0m[1;33m,[0m[1;36m0.5[0m[1;33m][0m[1;33m,[0m[1;33m[[0m[1;36m1[0m[1;33m,[0m[1;36m1[0m[1;33m][0m[1;33m,[0m[1;33m[[0m[1;36m1.5[0m[1;33m,[0m[1;36m1.5[0m[1;33m][0m[1;33m][0m[1;33m[0m[1;33m[0m[0m

[1;31mNameError[0m: name 'np' is not defined
NameError: name 'np' is not defined

